---------------------------------------------------------------
[ 2020-08-24T15:58:57+08:00 ] 127.0.0.1 GET 127.0.0.13/
[运行时间：0.968269s] [吞吐率：1.03req/s] [内存消耗：3,365.23kb] [文件加载：91]
[ info ] [ LANG ] D:\code\GatewayWorkerChat\thinkphp\lang\zh-cn.php
[ info ] [ ROUTE ] array (
  'type' => 'module',
  'module' => 
  array (
    0 => '',
    1 => NULL,
    2 => NULL,
  ),
)
[ info ] [ HEADER ] array (
  'host' => '127.0.0.13',
  'connection' => 'keep-alive',
  'upgrade-insecure-requests' => '1',
  'user-agent' => 'Mozilla/5.0 (Windows NT 6.2; Win64; x64) AppleWebKit/537.36 (KHTML, like Gecko) Chrome/84.0.4147.135 Safari/537.36',
  'accept' => 'text/html,application/xhtml+xml,application/xml;q=0.9,image/webp,image/apng,*/*;q=0.8,application/signed-exchange;v=b3;q=0.9',
  'sec-fetch-site' => 'none',
  'sec-fetch-mode' => 'navigate',
  'sec-fetch-user' => '?1',
  'sec-fetch-dest' => 'document',
  'accept-encoding' => 'gzip, deflate, br',
  'accept-language' => 'zh-CN,zh;q=0.9',
)
[ info ] [ PARAM ] array (
)
[ info ] [ LOG ] INIT File
---------------------------------------------------------------
[ 2020-08-24T16:00:18+08:00 ] 127.0.0.1 GET 127.0.0.13/home/v1/Login/login
[运行时间：0.330013s] [吞吐率：3.03req/s] [内存消耗：3,876.03kb] [文件加载：95]
[ info ] [ LANG ] D:\code\GatewayWorkerChat\thinkphp\lang\zh-cn.php
[ info ] [ ROUTE ] array (
  'type' => 'module',
  'module' => 
  array (
    0 => 'home',
    1 => 'v1.Login',
    2 => 'login',
  ),
)
[ info ] [ HEADER ] array (
  'cache-control' => 'no-cache',
  'postman-token' => '18a20440-4960-465c-9687-a38d25ac8033',
  'user-agent' => 'PostmanRuntime/7.6.0',
  'accept' => '*/*',
  'host' => '127.0.0.13',
  'accept-encoding' => 'gzip, deflate',
  'connection' => 'keep-alive',
)
[ info ] [ PARAM ] array (
)
[ info ] [ RUN ] app\home\controller\v1\Login->login[ D:\code\GatewayWorkerChat\application\home\controller\v1\Login.php ]
[ info ] [ LOG ] INIT File
---------------------------------------------------------------
[ 2020-08-24T16:01:27+08:00 ] 127.0.0.1 GET 127.0.0.13/
[运行时间：0.189824s] [吞吐率：5.27req/s] [内存消耗：3,365.59kb] [文件加载：91]
[ info ] [ LANG ] D:\code\GatewayWorkerChat\thinkphp\lang\zh-cn.php
[ info ] [ ROUTE ] array (
  'type' => 'module',
  'module' => 
  array (
    0 => '',
    1 => NULL,
    2 => NULL,
  ),
)
[ info ] [ HEADER ] array (
  'host' => '127.0.0.13',
  'connection' => 'keep-alive',
  'cache-control' => 'max-age=0',
  'upgrade-insecure-requests' => '1',
  'user-agent' => 'Mozilla/5.0 (Windows NT 6.2; Win64; x64) AppleWebKit/537.36 (KHTML, like Gecko) Chrome/84.0.4147.135 Safari/537.36',
  'accept' => 'text/html,application/xhtml+xml,application/xml;q=0.9,image/webp,image/apng,*/*;q=0.8,application/signed-exchange;v=b3;q=0.9',
  'sec-fetch-site' => 'none',
  'sec-fetch-mode' => 'navigate',
  'sec-fetch-user' => '?1',
  'sec-fetch-dest' => 'document',
  'accept-encoding' => 'gzip, deflate, br',
  'accept-language' => 'zh-CN,zh;q=0.9',
  'cookie' => 'thinkphp_show_page_trace=0|0',
)
[ info ] [ PARAM ] array (
)
[ info ] [ LOG ] INIT File
